{
  "RSpec": {
    "coverage": {
      "/home/dev/Desktop/Dinner Dash App/DinnerDashV2/spec/models/cart_spec.rb": {
        "lines": [
          1,
          null,
          1,
          2,
          null,
          1,
          2,
          2,
          null,
          null,
          1,
          1,
          1,
          null,
          null,
          1,
          1,
          1,
          null,
          null,
          null
        ]
      },
      "/home/dev/Desktop/Dinner Dash App/DinnerDashV2/spec/rails_helper.rb": {
        "lines": [
          1,
          1,
          null,
          null,
          null,
          1,
          1,
          1,
          null,
          1,
          1,
          null,
          null,
          3,
          null,
          null,
          null,
          null,
          null,
          null,
          null,
          null,
          null,
          null,
          null,
          null,
          null,
          null,
          null,
          null,
          null,
          null,
          null,
          1,
          null,
          0,
          0,
          null,
          1,
          null,
          1,
          null,
          null,
          null,
          null,
          1,
          null,
          null,
          null,
          null,
          null,
          null,
          null,
          null,
          null,
          null,
          null,
          null,
          null,
          null,
          null,
          null,
          null,
          1,
          null,
          null,
          1,
          null,
          null,
          1,
          null
        ]
      },
      "/home/dev/Desktop/Dinner Dash App/DinnerDashV2/config/environment.rb": {
        "lines": [
          null,
          null,
          null,
          1,
          null,
          null,
          1
        ]
      },
      "/home/dev/Desktop/Dinner Dash App/DinnerDashV2/config/application.rb": {
        "lines": [
          null,
          null,
          1,
          null,
          1,
          null,
          null,
          null,
          1,
          null,
          1,
          1,
          null,
          1,
          null,
          null,
          null,
          null,
          null,
          1,
          null,
          null
        ]
      },
      "/home/dev/Desktop/Dinner Dash App/DinnerDashV2/config/boot.rb": {
        "lines": [
          null,
          null,
          1,
          null,
          1,
          1
        ]
      },
      "/home/dev/Desktop/Dinner Dash App/DinnerDashV2/config/environments/test.rb": {
        "lines": [
          null,
          null,
          1,
          null,
          null,
          null,
          null,
          null,
          null,
          1,
          null,
          null,
          null,
          null,
          1,
          null,
          null,
          1,
          1,
          null,
          null,
          null,
          null,
          1,
          1,
          null,
          null,
          1,
          null,
          null,
          1,
          null,
          null,
          1,
          null,
          1,
          null,
          null,
          null,
          null,
          1,
          null,
          null,
          1,
          null,
          null,
          null,
          null
        ]
      },
      "/home/dev/Desktop/Dinner Dash App/DinnerDashV2/config/initializers/application_controller_renderer.rb": {
        "lines": [
          null,
          null,
          null,
          null,
          null,
          null,
          null,
          null,
          null
        ]
      },
      "/home/dev/Desktop/Dinner Dash App/DinnerDashV2/config/initializers/assets.rb": {
        "lines": [
          null,
          null,
          null,
          null,
          null,
          1,
          null,
          null,
          null,
          null,
          1,
          null,
          null,
          null,
          null,
          null
        ]
      },
      "/home/dev/Desktop/Dinner Dash App/DinnerDashV2/config/initializers/backtrace_silencers.rb": {
        "lines": [
          null,
          null,
          null,
          null,
          null,
          null,
          null,
          null
        ]
      },
      "/home/dev/Desktop/Dinner Dash App/DinnerDashV2/config/initializers/content_security_policy.rb": {
        "lines": [
          null,
          null,
          null,
          null,
          null,
          null,
          null,
          null,
          null,
          null,
          null,
          null,
          null,
          null,
          null,
          null,
          null,
          null,
          null,
          null,
          null,
          null,
          null,
          null,
          null,
          null
        ]
      },
      "/home/dev/Desktop/Dinner Dash App/DinnerDashV2/config/initializers/cookies_serializer.rb": {
        "lines": [
          null,
          null,
          null,
          null,
          null,
          null,
          1
        ]
      },
      "/home/dev/Desktop/Dinner Dash App/DinnerDashV2/config/initializers/devise.rb": {
        "lines": [
          null,
          null,
          null,
          null,
          null,
          null,
          null,
          null,
          null,
          null,
          1,
          null,
          null,
          null,
          null,
          null,
          null,
          null,
          null,
          null,
          null,
          null,
          null,
          null,
          null,
          null,
          1,
          null,
          null,
          null,
          null,
          null,
          null,
          null,
          null,
          null,
          null,
          null,
          1,
          null,
          null,
          null,
          null,
          null,
          null,
          null,
          null,
          null,
          null,
          null,
          null,
          null,
          null,
          null,
          null,
          null,
          null,
          null,
          null,
          null,
          1,
          null,
          null,
          null,
          null,
          1,
          null,
          null,
          null,
          null,
          null,
          null,
          null,
          null,
          null,
          null,
          null,
          null,
          null,
          null,
          null,
          null,
          null,
          null,
          null,
          null,
          null,
          null,
          null,
          null,
          null,
          null,
          null,
          null,
          null,
          null,
          null,
          null,
          null,
          1,
          null,
          null,
          null,
          null,
          null,
          null,
          null,
          null,
          null,
          null,
          null,
          null,
          null,
          null,
          null,
          null,
          null,
          null,
          null,
          null,
          null,
          null,
          null,
          null,
          null,
          1,
          null,
          null,
          null,
          null,
          null,
          null,
          null,
          null,
          null,
          null,
          null,
          null,
          null,
          null,
          null,
          null,
          null,
          null,
          null,
          1,
          null,
          null,
          null,
          null,
          null,
          null,
          null,
          null,
          null,
          null,
          null,
          null,
          null,
          1,
          null,
          null,
          null,
          null,
          null,
          null,
          null,
          null,
          null,
          1,
          null,
          null,
          null,
          null,
          null,
          null,
          null,
          null,
          null,
          null,
          1,
          null,
          null,
          null,
          null,
          1,
          null,
          null,
          null,
          null,
          null,
          null,
          null,
          null,
          null,
          null,
          null,
          null,
          null,
          null,
          null,
          null,
          null,
          null,
          null,
          null,
          null,
          null,
          null,
          null,
          null,
          null,
          null,
          null,
          null,
          null,
          null,
          null,
          null,
          null,
          null,
          null,
          null,
          null,
          null,
          null,
          1,
          null,
          null,
          null,
          null,
          null,
          null,
          null,
          null,
          null,
          null,
          null,
          null,
          null,
          null,
          null,
          null,
          null,
          null,
          null,
          1,
          null,
          null,
          null,
          null,
          null,
          null,
          null,
          null,
          null,
          null,
          null,
          null,
          null,
          null,
          null,
          null,
          null,
          null,
          null,
          null,
          null,
          1,
          null,
          null,
          null,
          null,
          null,
          null,
          null,
          null,
          null,
          null,
          null,
          null,
          null,
          null,
          null,
          null,
          null,
          null,
          null,
          null,
          null,
          null,
          null,
          null,
          null,
          null,
          null,
          null,
          null,
          null,
          null,
          null,
          null,
          null,
          null,
          null,
          null,
          null,
          null,
          null,
          null,
          null
        ]
      },
      "/home/dev/Desktop/Dinner Dash App/DinnerDashV2/config/initializers/filter_parameter_logging.rb": {
        "lines": [
          null,
          null,
          null,
          null,
          null,
          1
        ]
      },
      "/home/dev/Desktop/Dinner Dash App/DinnerDashV2/config/initializers/inflections.rb": {
        "lines": [
          null,
          null,
          null,
          null,
          null,
          null,
          null,
          null,
          null,
          null,
          null,
          null,
          null,
          null,
          null,
          null,
          null
        ]
      },
      "/home/dev/Desktop/Dinner Dash App/DinnerDashV2/config/initializers/mime_types.rb": {
        "lines": [
          null,
          null,
          null,
          null,
          null
        ]
      },
      "/home/dev/Desktop/Dinner Dash App/DinnerDashV2/config/initializers/wrap_parameters.rb": {
        "lines": [
          null,
          null,
          null,
          null,
          null,
          null,
          null,
          null,
          1,
          2,
          null,
          null,
          null,
          null,
          null,
          null
        ]
      },
      "/home/dev/Desktop/Dinner Dash App/DinnerDashV2/config/routes.rb": {
        "lines": [
          null,
          null,
          1,
          1,
          1,
          1,
          1,
          1,
          1,
          1,
          1,
          null,
          null,
          null,
          1,
          1,
          1,
          1,
          null,
          null,
          null,
          1,
          1,
          null,
          1,
          1,
          1,
          1,
          1,
          null,
          1,
          1,
          null,
          null,
          1,
          null,
          null
        ]
      },
      "/home/dev/Desktop/Dinner Dash App/DinnerDashV2/app/models/user.rb": {
        "lines": [
          null,
          null,
          1,
          null,
          null,
          1,
          null,
          1,
          1,
          1,
          1,
          21,
          null,
          1,
          1,
          null,
          null
        ]
      },
      "/home/dev/Desktop/Dinner Dash App/DinnerDashV2/app/models/application_record.rb": {
        "lines": [
          null,
          null,
          1,
          1,
          null
        ]
      },
      "/home/dev/Desktop/Dinner Dash App/DinnerDashV2/app/controllers/application_controller.rb": {
        "lines": [
          null,
          null,
          1,
          1,
          1,
          null,
          1,
          1,
          null,
          1,
          null,
          1,
          null,
          1,
          0,
          0,
          null,
          null,
          1,
          null,
          1,
          0,
          0,
          null,
          0,
          0,
          null,
          null,
          null,
          1,
          0,
          0,
          null,
          null
        ]
      },
      "/home/dev/Desktop/Dinner Dash App/DinnerDashV2/app/helpers/application_helper.rb": {
        "lines": [
          null,
          null,
          1,
          null
        ]
      },
      "/home/dev/Desktop/Dinner Dash App/DinnerDashV2/app/helpers/admins_helper.rb": {
        "lines": [
          null,
          null,
          1,
          null
        ]
      },
      "/home/dev/Desktop/Dinner Dash App/DinnerDashV2/app/helpers/carts_helper.rb": {
        "lines": [
          null,
          null,
          1,
          1,
          0,
          null,
          0,
          0,
          0,
          null,
          null,
          0,
          null,
          null,
          1,
          0,
          null,
          0,
          0,
          0,
          0,
          0,
          null,
          0,
          null,
          null,
          1,
          0,
          0,
          null,
          0,
          0,
          0,
          null,
          null,
          1,
          0,
          null,
          0,
          0,
          null,
          null,
          1,
          0,
          0,
          0,
          0,
          null,
          null,
          1,
          0,
          0,
          null,
          null,
          1,
          0,
          0,
          0,
          0,
          0,
          0,
          null,
          null,
          null,
          1,
          0,
          0,
          0,
          0,
          null,
          0,
          null,
          null,
          1,
          0,
          0,
          0,
          null,
          null,
          null,
          null,
          1,
          0,
          0,
          0,
          0,
          0,
          0,
          0,
          0,
          null,
          0,
          null,
          null,
          null,
          1,
          0,
          0,
          0,
          null,
          0,
          null,
          0,
          null,
          null,
          1,
          0,
          0,
          0,
          null,
          0,
          null,
          null,
          null,
          1,
          0,
          null,
          null
        ]
      },
      "/home/dev/Desktop/Dinner Dash App/DinnerDashV2/app/helpers/categories_helper.rb": {
        "lines": [
          null,
          null,
          1,
          null
        ]
      },
      "/home/dev/Desktop/Dinner Dash App/DinnerDashV2/app/helpers/items_helper.rb": {
        "lines": [
          null,
          null,
          1,
          1,
          0,
          null,
          null,
          1,
          0,
          0,
          0,
          0,
          null,
          null,
          1,
          0,
          0,
          null,
          null,
          1,
          0,
          0,
          null,
          0,
          null,
          null,
          null
        ]
      },
      "/home/dev/Desktop/Dinner Dash App/DinnerDashV2/app/helpers/orders_helper.rb": {
        "lines": [
          null,
          null,
          1,
          null
        ]
      },
      "/home/dev/Desktop/Dinner Dash App/DinnerDashV2/app/helpers/restaurants_helper.rb": {
        "lines": [
          null,
          null,
          1,
          null
        ]
      },
      "/home/dev/Desktop/Dinner Dash App/DinnerDashV2/app/channels/application_cable/channel.rb": {
        "lines": [
          null,
          null,
          1,
          1,
          null,
          null
        ]
      },
      "/home/dev/Desktop/Dinner Dash App/DinnerDashV2/app/channels/application_cable/connection.rb": {
        "lines": [
          null,
          null,
          1,
          1,
          null,
          null
        ]
      },
      "/home/dev/Desktop/Dinner Dash App/DinnerDashV2/app/controllers/admins_controller.rb": {
        "lines": [
          null,
          null,
          1,
          1,
          0,
          0,
          null,
          null,
          1,
          0,
          0,
          null,
          null,
          1,
          0,
          0,
          null,
          null,
          1,
          0,
          0,
          null,
          0,
          null,
          0,
          0,
          null,
          null,
          1,
          0,
          0,
          null,
          null
        ]
      },
      "/home/dev/Desktop/Dinner Dash App/DinnerDashV2/app/controllers/carts_controller.rb": {
        "lines": [
          null,
          null,
          1,
          1,
          1,
          1,
          1,
          null,
          1,
          0,
          0,
          0,
          null,
          0,
          null,
          null,
          null,
          1,
          0,
          0,
          0,
          0,
          null,
          null,
          null,
          1,
          0,
          0,
          null,
          0,
          null,
          0,
          0,
          0,
          0,
          null,
          null,
          null,
          1,
          0,
          null,
          0,
          0,
          0,
          0,
          0,
          null,
          null,
          1,
          0,
          0,
          0,
          0,
          0,
          null,
          null,
          null,
          1,
          null,
          1,
          0,
          0,
          null,
          0,
          null,
          null,
          null,
          1,
          0,
          0,
          null,
          0,
          null,
          null,
          null
        ]
      },
      "/home/dev/Desktop/Dinner Dash App/DinnerDashV2/app/controllers/concerns/current_cart.rb": {
        "lines": [
          null,
          null,
          1,
          1,
          null,
          1,
          0,
          null,
          null,
          0,
          0,
          0,
          null,
          0,
          null,
          null,
          null,
          1,
          0,
          0,
          null,
          0,
          0,
          null,
          null,
          null,
          1,
          0,
          0,
          null,
          null,
          null,
          1,
          0,
          0,
          0,
          null,
          0,
          0,
          null,
          null,
          null
        ]
      },
      "/home/dev/Desktop/Dinner Dash App/DinnerDashV2/app/controllers/categories_controller.rb": {
        "lines": [
          null,
          null,
          1,
          1,
          null,
          1,
          0,
          null,
          null,
          1,
          0,
          0,
          null,
          null,
          1,
          0,
          0,
          0,
          0,
          null,
          0,
          null,
          null,
          null,
          1,
          0,
          0,
          null,
          null,
          1,
          0,
          0,
          null,
          0,
          0,
          null,
          null,
          1,
          null,
          1,
          0,
          null,
          null,
          1,
          0,
          null,
          null
        ]
      },
      "/home/dev/Desktop/Dinner Dash App/DinnerDashV2/app/controllers/items_controller.rb": {
        "lines": [
          null,
          null,
          1,
          1,
          1,
          1,
          1,
          null,
          1,
          0,
          0,
          0,
          null,
          0,
          null,
          null,
          1,
          0,
          0,
          null,
          null,
          1,
          0,
          0,
          0,
          0,
          null,
          0,
          null,
          null,
          null,
          1,
          0,
          null,
          null,
          1,
          0,
          0,
          0,
          null,
          0,
          null,
          null,
          null,
          1,
          0,
          null,
          null,
          1,
          0,
          0,
          null,
          0,
          0,
          null,
          null,
          1,
          0,
          0,
          0,
          null,
          0,
          null,
          null,
          null,
          1,
          null,
          1,
          0,
          null,
          null,
          null,
          1,
          0,
          null,
          null,
          1,
          0,
          0,
          0,
          0,
          null,
          0,
          null,
          null,
          null
        ]
      },
      "/home/dev/Desktop/Dinner Dash App/DinnerDashV2/app/controllers/orders_controller.rb": {
        "lines": [
          null,
          null,
          1,
          1,
          null,
          1,
          0,
          null,
          null,
          1,
          null,
          1,
          0,
          null,
          null,
          1,
          0,
          null,
          0,
          0,
          null,
          0,
          null,
          null,
          null,
          1,
          null,
          1,
          0,
          null,
          null,
          1,
          0,
          null,
          null
        ]
      },
      "/home/dev/Desktop/Dinner Dash App/DinnerDashV2/app/controllers/restaurants_controller.rb": {
        "lines": [
          null,
          null,
          1,
          1,
          0,
          null,
          null,
          1,
          0,
          0,
          null,
          null,
          1,
          0,
          0,
          null,
          0,
          0,
          null,
          0,
          null,
          null,
          null,
          1,
          0,
          0,
          null,
          null,
          1,
          0,
          0,
          0,
          null,
          0,
          0,
          null,
          null,
          1,
          null,
          1,
          0,
          null,
          null
        ]
      },
      "/home/dev/Desktop/Dinner Dash App/DinnerDashV2/app/jobs/application_job.rb": {
        "lines": [
          null,
          null,
          1,
          null
        ]
      },
      "/home/dev/Desktop/Dinner Dash App/DinnerDashV2/app/mailers/application_mailer.rb": {
        "lines": [
          null,
          null,
          1,
          1,
          1,
          null
        ]
      },
      "/home/dev/Desktop/Dinner Dash App/DinnerDashV2/app/models/cart.rb": {
        "lines": [
          null,
          null,
          1,
          1,
          1,
          1,
          null
        ]
      },
      "/home/dev/Desktop/Dinner Dash App/DinnerDashV2/app/models/cart_item.rb": {
        "lines": [
          null,
          null,
          1,
          1,
          1,
          null
        ]
      },
      "/home/dev/Desktop/Dinner Dash App/DinnerDashV2/app/models/category.rb": {
        "lines": [
          null,
          null,
          1,
          1,
          1,
          1,
          null
        ]
      },
      "/home/dev/Desktop/Dinner Dash App/DinnerDashV2/app/models/category_item.rb": {
        "lines": [
          null,
          null,
          1,
          1,
          1,
          null
        ]
      },
      "/home/dev/Desktop/Dinner Dash App/DinnerDashV2/app/models/item.rb": {
        "lines": [
          null,
          null,
          1,
          1,
          1,
          1,
          1,
          1,
          1,
          1,
          1,
          null,
          1,
          null,
          1,
          null,
          2,
          null,
          1,
          null,
          1,
          8,
          null,
          1,
          null,
          null
        ]
      },
      "/home/dev/Desktop/Dinner Dash App/DinnerDashV2/app/models/order.rb": {
        "lines": [
          null,
          null,
          1,
          1,
          null,
          null,
          null,
          null,
          null,
          1,
          1,
          1,
          1,
          1,
          null
        ]
      },
      "/home/dev/Desktop/Dinner Dash App/DinnerDashV2/app/models/order_item.rb": {
        "lines": [
          null,
          null,
          1,
          1,
          1,
          null
        ]
      },
      "/home/dev/Desktop/Dinner Dash App/DinnerDashV2/app/models/restaurant.rb": {
        "lines": [
          null,
          null,
          1,
          1,
          1,
          null
        ]
      },
      "/home/dev/Desktop/Dinner Dash App/DinnerDashV2/app/policies/admin_policy.rb": {
        "lines": [
          1,
          1,
          null,
          null,
          null,
          null,
          null,
          null
        ]
      },
      "/home/dev/Desktop/Dinner Dash App/DinnerDashV2/app/policies/application_policy.rb": {
        "lines": [
          null,
          null,
          1,
          1,
          null,
          1,
          0,
          0,
          null,
          null,
          1,
          0,
          null,
          null,
          1,
          0,
          null,
          null,
          1,
          0,
          null,
          null,
          1,
          0,
          null,
          null,
          1,
          0,
          null,
          null,
          1,
          0,
          null,
          null,
          1,
          0,
          null,
          null,
          1,
          1,
          0,
          0,
          null,
          null,
          1,
          0,
          null,
          null,
          1,
          null,
          1,
          null,
          null
        ]
      },
      "/home/dev/Desktop/Dinner Dash App/DinnerDashV2/app/policies/category_policy.rb": {
        "lines": [
          null,
          null,
          1,
          1,
          null,
          null,
          null,
          null,
          null,
          null,
          1,
          0,
          null,
          null,
          1,
          0,
          null,
          null,
          1,
          0,
          null,
          null,
          1,
          0,
          null,
          null,
          1,
          1,
          null
        ]
      },
      "/home/dev/Desktop/Dinner Dash App/DinnerDashV2/app/policies/item_policy.rb": {
        "lines": [
          null,
          null,
          1,
          1,
          null,
          null,
          null,
          null,
          null,
          null,
          1,
          0,
          null,
          null,
          1,
          0,
          null,
          null,
          1,
          0,
          null,
          null,
          1,
          0,
          null,
          null,
          1,
          1,
          null
        ]
      },
      "/home/dev/Desktop/Dinner Dash App/DinnerDashV2/app/policies/nil_class_policy.rb": {
        "lines": [
          null,
          null,
          1,
          1,
          1,
          0,
          null,
          null,
          null
        ]
      },
      "/home/dev/Desktop/Dinner Dash App/DinnerDashV2/app/policies/order_policy.rb": {
        "lines": [
          null,
          null,
          1,
          1,
          null,
          null,
          null,
          null,
          null,
          null,
          1,
          0,
          null,
          null,
          1,
          0,
          null,
          null
        ]
      },
      "/home/dev/Desktop/Dinner Dash App/DinnerDashV2/app/policies/restaurant_policy.rb": {
        "lines": [
          null,
          null,
          1,
          1,
          null,
          null,
          null,
          null,
          null,
          null,
          1,
          0,
          null,
          null,
          1,
          0,
          null,
          null,
          1,
          0,
          null,
          null,
          1,
          null
        ]
      },
      "/home/dev/Desktop/Dinner Dash App/DinnerDashV2/app/policies/user_policy.rb": {
        "lines": [
          1,
          1,
          null,
          null,
          null,
          null,
          null,
          null,
          1,
          0,
          null,
          null,
          1,
          1,
          1,
          1,
          null
        ]
      },
      "/home/dev/Desktop/Dinner Dash App/DinnerDashV2/spec/factories/carts.rb": {
        "lines": [
          1,
          1,
          1,
          2,
          null,
          1,
          1,
          null,
          null,
          1,
          null,
          null
        ]
      },
      "/home/dev/Desktop/Dinner Dash App/DinnerDashV2/spec/factories/categories.rb": {
        "lines": [
          1,
          1,
          2,
          null,
          1,
          2,
          null,
          null,
          1,
          null,
          null
        ]
      },
      "/home/dev/Desktop/Dinner Dash App/DinnerDashV2/spec/factories/items.rb": {
        "lines": [
          1,
          null,
          1,
          1,
          2,
          2,
          2,
          1,
          2,
          null,
          1,
          1,
          1,
          null,
          null,
          1,
          1,
          1,
          null,
          null,
          1,
          1,
          null,
          null
        ]
      },
      "/home/dev/Desktop/Dinner Dash App/DinnerDashV2/spec/factories/orders.rb": {
        "lines": [
          1,
          1,
          1,
          2,
          2,
          2,
          null,
          null
        ]
      },
      "/home/dev/Desktop/Dinner Dash App/DinnerDashV2/spec/factories/restaurants.rb": {
        "lines": [
          1,
          1,
          4,
          null,
          1,
          2,
          null,
          null,
          1,
          null,
          null
        ]
      },
      "/home/dev/Desktop/Dinner Dash App/DinnerDashV2/spec/factories/users.rb": {
        "lines": [
          1,
          null,
          1,
          1,
          7,
          7,
          7,
          7,
          7,
          9,
          null,
          1,
          3,
          null,
          1,
          3,
          null,
          1,
          2,
          null,
          1,
          2,
          null,
          1,
          3,
          null,
          1,
          3,
          null,
          1,
          2,
          null,
          1,
          1,
          1,
          1,
          null,
          null
        ]
      },
      "/home/dev/Desktop/Dinner Dash App/DinnerDashV2/spec/support/shoulda_matchers.rb": {
        "lines": [
          1,
          1,
          1,
          1,
          null,
          null
        ]
      },
      "/home/dev/Desktop/Dinner Dash App/DinnerDashV2/spec/support/factory_bot.rb": {
        "lines": [
          1,
          1,
          null
        ]
      },
      "/home/dev/Desktop/Dinner Dash App/DinnerDashV2/spec/models/category_spec.rb": {
        "lines": [
          1,
          null,
          1,
          2,
          2,
          null,
          1,
          1,
          2,
          null,
          null,
          1,
          2,
          2,
          null,
          null,
          null,
          1,
          2,
          null,
          null
        ]
      },
      "/home/dev/Desktop/Dinner Dash App/DinnerDashV2/spec/models/item_spec.rb": {
        "lines": [
          1,
          null,
          1,
          2,
          2,
          null,
          1,
          1,
          2,
          null,
          null,
          1,
          2,
          null,
          null,
          1,
          2,
          null,
          null,
          1,
          1,
          1,
          1,
          1,
          1,
          null,
          null,
          null,
          null,
          1,
          2,
          2,
          2,
          2,
          2,
          null,
          null,
          1,
          1,
          1,
          null,
          1,
          null,
          null,
          null
        ]
      },
      "/home/dev/Desktop/Dinner Dash App/DinnerDashV2/spec/models/order_spec.rb": {
        "lines": [
          1,
          null,
          1,
          2,
          null,
          1,
          1,
          2,
          null,
          null,
          1,
          2,
          null,
          null,
          null,
          1,
          2,
          null,
          null,
          1,
          1,
          1,
          null,
          null,
          1,
          1,
          1,
          null,
          null,
          null
        ]
      },
      "/home/dev/Desktop/Dinner Dash App/DinnerDashV2/spec/models/restaurant_spec.rb": {
        "lines": [
          1,
          null,
          1,
          2,
          2,
          null,
          1,
          1,
          2,
          null,
          null,
          1,
          2,
          2,
          null,
          null,
          null,
          1,
          2,
          null,
          null
        ]
      },
      "/home/dev/Desktop/Dinner Dash App/DinnerDashV2/spec/models/user_spec.rb": {
        "lines": [
          1,
          null,
          1,
          2,
          3,
          2,
          2,
          null,
          null,
          1,
          1,
          2,
          null,
          null,
          1,
          2,
          null,
          null,
          1,
          2,
          null,
          null,
          1,
          2,
          null,
          null,
          1,
          2,
          null,
          null,
          1,
          2,
          null,
          2,
          null,
          null,
          1,
          2,
          null,
          2,
          null,
          null,
          null,
          1,
          1,
          2,
          2,
          null,
          null,
          1,
          2,
          2,
          null,
          null,
          null,
          1,
          2,
          2,
          null,
          null
        ]
      }
    },
    "timestamp": 1662412293
  }
}
